1773477198430:/help
1773477200949:help
1773477212602:version
1773477217772:prac
1773480560179:help
1773484985073:current
1773485040385:current manila
1773498085372:help
1773498089557:current
1773498166863:current manila
1773536205253:help
1773536209408:current
1773536238061:current manila
1773536249251:current Munoz Nueva Ecija
1773547210458:help
1773547213563:current
1773547449017:help
1773547453393:current
1773549127135:current manila
1773562244341:help
1773562249101:current
1773562255196:current manila
1773562273738:future
1773562300246:future manila
1773562461175:forecast
1773562465967:forcast
1773562468119:help
1773562471055:future
1773562485774:future San Jose Nueva Ecija
1773562495495:future San Jose City Nueva Ecija
1773562503442:future Manila City
1773562539939:future Manila
1773562677558:help
1773562679781:future
1773563994044:future manila
1773564217264:help
1773564222564:stacktrace
1773564288862:future
1773564422695:future Manila 2
1773564515517:future San Jose Nueva Ecija
1773564524288:future Manila
1773564536248:future San Jose,Nueva Ecija
1773564545911:future San Jose Nueva Ecija
1773564589601:current
1773564609419:current San Jose Nueva Ecija
1773645525414:forecast --San jose Nueva Ecija --3
1773645531693:forecast --location "San Jose Nueva Ecija" --days 3
1773645557736:forecast --location "San Jose Nueva Ecija" --3
1773645576031:future --San Jose City Nueva Ecija
1773645587014:future --location "San Jose Nueva Ecija" --days 3
1773645651026:current Munoz Nueva Ecija
1773645890055:help
1773648917771:see
1773649064422:stracktrace
1773649070495:stacktrace
1773649119749:see
1773649317407:help
1773649320732:see
1773926098035:help
1773926101328:see
1773926113185:current manila
1773926124067:future manila
1773926130519:future manila 3
1773926148148:future --location San Jose Nueva Ecija --days 3
1773926159571:edit
